<?xml version="1.0" encoding="UTF-8"?>
<!-- Generated by org.testng.reporters.JUnitXMLReporter -->
<testsuite ignored="0" hostname="thoriso-HP-EliteBook-850-G2" failures="0" tests="2" name="Default test" time="19.761" errors="0" timestamp="2025-08-02T18:48:27 SAST">
  <testcase classname="onlinesystems.Tests.ErrorValidationsTest" name="LoginValidation" time="1.06"/>
  <testcase classname="onlinesystems.Tests.ErrorValidationsTest" name="submitOrder" time="0.832"/>
</testsuite> <!-- Default test -->
