<?xml version="1.0" encoding="UTF-8"?>
<!-- Generated by org.testng.reporters.JUnitXMLReporter -->
<testsuite ignored="0" hostname="thoriso-HP-EliteBook-850-G2" failures="0" tests="2" name="Error Validation Test" time="22.811" errors="0" timestamp="2025-08-03T13:00:07 SAST">
  <testcase classname="onlinesystems.Tests.ErrorValidationsTest" name="LoginValidation" time="0.86"/>
  <testcase classname="onlinesystems.Tests.ErrorValidationsTest" name="submitOrder" time="1.297"/>
</testsuite> <!-- Error Validation Test -->
