<?xml version="1.0" encoding="UTF-8"?>
<!-- Generated by org.testng.reporters.JUnitXMLReporter -->
<testsuite ignored="0" hostname="thoriso-HP-EliteBook-850-G2" failures="0" tests="3" name="Submit Order" time="44.007" errors="0" timestamp="2025-08-03T13:00:27 SAST">
  <testcase classname="onlinesystems.Tests.SubmitOrderTest" name="submitOrder" time="11.467"/>
  <testcase classname="onlinesystems.Tests.SubmitOrderTest" name="submitOrder" time="5.954"/>
  <testcase classname="onlinesystems.Tests.SubmitOrderTest" name="orderHistoryTest" time="1.586"/>
</testsuite> <!-- Submit Order -->
