<?xml version="1.0" encoding="UTF-8"?>
<!-- Generated by org.testng.reporters.JUnitXMLReporter -->
<testsuite ignored="0" hostname="thoriso-HP-EliteBook-850-G2" failures="0" tests="2" name="Error Validation Test" time="6.194" errors="0" timestamp="2025-08-02T06:00:20 SAST">
  <testcase classname="onlinesystems.Tests.ErrorValidationsTest" name="LoginValidation" time="0.0">
    <skipped/>
  </testcase> <!-- LoginValidation -->
  <testcase classname="onlinesystems.Tests.ErrorValidationsTest" name="submitOrder" time="0.0">
    <skipped/>
  </testcase> <!-- submitOrder -->
</testsuite> <!-- Error Validation Test -->
