<?xml version="1.0" encoding="UTF-8"?>
<!-- Generated by org.testng.reporters.JUnitXMLReporter -->
<testsuite ignored="0" hostname="thoriso-HP-EliteBook-850-G2" failures="0" tests="3" name="Error Validation Test" time="53.275" errors="0" timestamp="2025-08-03T10:05:33 SAST">
  <testcase classname="onlinesystems.Tests.ErrorValidationsTest" name="LoginValidation" time="14.146">
    <skipped/>
  </testcase> <!-- LoginValidation -->
  <testcase classname="onlinesystems.Tests.ErrorValidationsTest" name="LoginValidation" time="1.147"/>
  <testcase classname="onlinesystems.Tests.ErrorValidationsTest" name="submitOrder" time="1.211"/>
</testsuite> <!-- Error Validation Test -->
