<?xml version="1.0" encoding="UTF-8"?>
<!-- Generated by org.testng.reporters.JUnitXMLReporter -->
<testsuite ignored="0" hostname="thoriso-HP-EliteBook-850-G2" failures="0" tests="3" name="Submit Order" time="54.044" errors="0" timestamp="2025-08-03T13:05:18 SAST">
  <testcase classname="onlinesystems.Tests.SubmitOrderTest" name="submitOrder" time="12.36"/>
  <testcase classname="onlinesystems.Tests.SubmitOrderTest" name="submitOrder" time="11.781"/>
  <testcase classname="onlinesystems.Tests.SubmitOrderTest" name="orderHistoryTest" time="1.813"/>
</testsuite> <!-- Submit Order -->
