<?xml version="1.0" encoding="UTF-8"?>
<!-- Generated by org.testng.reporters.JUnitXMLReporter -->
<testsuite ignored="0" hostname="thoriso-HP-EliteBook-850-G2" failures="0" tests="2" name="Error Validation Test" time="19.428" errors="0" timestamp="2025-08-02T19:14:47 SAST">
  <testcase classname="onlinesystems.Tests.ErrorValidationsTest" name="LoginValidation" time="0.862"/>
  <testcase classname="onlinesystems.Tests.ErrorValidationsTest" name="submitOrder" time="0.896"/>
</testsuite> <!-- Error Validation Test -->
