<?xml version="1.0" encoding="UTF-8"?>
<testng-results ignored="0" total="5" passed="5" failed="0" skipped="0">
  <reporter-output>
  </reporter-output>
  <suite started-at="2025-08-03T15:04:17 SAST" name="Suite" finished-at="2025-08-03T15:05:18 SAST" duration-ms="61863">
    <groups>
      <group name="ErrorHandling">
        <method signature="ErrorValidationsTest.LoginValidation()[pri:0, instance:onlinesystems.Tests.ErrorValidationsTest@7fb4f2a9]" name="LoginValidation" class="onlinesystems.Tests.ErrorValidationsTest"/>
      </group> <!-- ErrorHandling -->
      <group name="purchase">
        <method signature="SubmitOrderTest.submitOrder(java.util.HashMap)[pri:0, instance:onlinesystems.Tests.SubmitOrderTest@73eb439a]" name="submitOrder" class="onlinesystems.Tests.SubmitOrderTest"/>
      </group> <!-- purchase -->
    </groups>
    <test started-at="2025-08-03T15:04:17 SAST" name="Error Validation Test" finished-at="2025-08-03T15:04:42 SAST" duration-ms="25772">
      <class name="onlinesystems.Tests.ErrorValidationsTest">
        <test-method is-config="true" signature="luanchApplication()[pri:0, instance:onlinesystems.Tests.ErrorValidationsTest@7fb4f2a9]" started-at="2025-08-03T15:04:17 SAST" name="luanchApplication" finished-at="2025-08-03T15:04:28 SAST" duration-ms="10975" status="PASS">
          <reporter-output>
          </reporter-output>
        </test-method> <!-- luanchApplication -->
        <test-method signature="LoginValidation()[pri:0, instance:onlinesystems.Tests.ErrorValidationsTest@7fb4f2a9]" started-at="2025-08-03T15:04:28 SAST" name="LoginValidation" finished-at="2025-08-03T15:04:29 SAST" duration-ms="1371" status="PASS">
          <reporter-output>
          </reporter-output>
        </test-method> <!-- LoginValidation -->
        <test-method is-config="true" signature="closeBrowser()[pri:0, instance:onlinesystems.Tests.ErrorValidationsTest@7fb4f2a9]" started-at="2025-08-03T15:04:29 SAST" name="closeBrowser" finished-at="2025-08-03T15:04:30 SAST" duration-ms="963" status="PASS">
          <reporter-output>
          </reporter-output>
        </test-method> <!-- closeBrowser -->
        <test-method is-config="true" signature="luanchApplication()[pri:0, instance:onlinesystems.Tests.ErrorValidationsTest@7fb4f2a9]" started-at="2025-08-03T15:04:30 SAST" name="luanchApplication" finished-at="2025-08-03T15:04:39 SAST" duration-ms="8902" status="PASS">
          <reporter-output>
          </reporter-output>
        </test-method> <!-- luanchApplication -->
        <test-method signature="submitOrder()[pri:0, instance:onlinesystems.Tests.ErrorValidationsTest@7fb4f2a9]" started-at="2025-08-03T15:04:39 SAST" name="submitOrder" finished-at="2025-08-03T15:04:40 SAST" duration-ms="1350" status="PASS">
          <reporter-output>
          </reporter-output>
        </test-method> <!-- submitOrder -->
        <test-method is-config="true" signature="closeBrowser()[pri:0, instance:onlinesystems.Tests.ErrorValidationsTest@7fb4f2a9]" started-at="2025-08-03T15:04:40 SAST" name="closeBrowser" finished-at="2025-08-03T15:04:42 SAST" duration-ms="2131" status="PASS">
          <reporter-output>
          </reporter-output>
        </test-method> <!-- closeBrowser -->
      </class> <!-- onlinesystems.Tests.ErrorValidationsTest -->
    </test> <!-- Error Validation Test -->
    <test started-at="2025-08-03T15:04:17 SAST" name="Submit Order" finished-at="2025-08-03T15:05:18 SAST" duration-ms="61863">
      <class name="onlinesystems.Tests.SubmitOrderTest">
        <test-method is-config="true" signature="luanchApplication()[pri:0, instance:onlinesystems.Tests.SubmitOrderTest@73eb439a]" started-at="2025-08-03T15:04:17 SAST" name="luanchApplication" finished-at="2025-08-03T15:04:27 SAST" duration-ms="9942" status="PASS">
          <reporter-output>
          </reporter-output>
        </test-method> <!-- luanchApplication -->
        <test-method signature="submitOrder(java.util.HashMap)[pri:0, instance:onlinesystems.Tests.SubmitOrderTest@73eb439a]" started-at="2025-08-03T15:04:27 SAST" name="submitOrder" data-provider="getData" finished-at="2025-08-03T15:04:40 SAST" duration-ms="13021" status="PASS">
          <params>
            <param index="0">
              <value>
                <![CDATA[{usrEmail=jakop.musk@x.com, pass=@One1234, productName=IPHONE 13 PRO}]]>
              </value>
            </param>
          </params>
          <reporter-output>
          </reporter-output>
        </test-method> <!-- submitOrder -->
        <test-method is-config="true" signature="closeBrowser()[pri:0, instance:onlinesystems.Tests.SubmitOrderTest@73eb439a]" started-at="2025-08-03T15:04:40 SAST" name="closeBrowser" finished-at="2025-08-03T15:04:41 SAST" duration-ms="1087" status="PASS">
          <reporter-output>
          </reporter-output>
        </test-method> <!-- closeBrowser -->
        <test-method is-config="true" signature="luanchApplication()[pri:0, instance:onlinesystems.Tests.SubmitOrderTest@73eb439a]" started-at="2025-08-03T15:04:41 SAST" name="luanchApplication" finished-at="2025-08-03T15:04:54 SAST" duration-ms="13277" status="PASS">
          <reporter-output>
          </reporter-output>
        </test-method> <!-- luanchApplication -->
        <test-method signature="submitOrder(java.util.HashMap)[pri:0, instance:onlinesystems.Tests.SubmitOrderTest@73eb439a]" started-at="2025-08-03T15:04:54 SAST" name="submitOrder" data-provider="getData" finished-at="2025-08-03T15:05:06 SAST" duration-ms="11274" status="PASS">
          <params>
            <param index="0">
              <value>
                <![CDATA[{usrEmail=jakop.musk@x.com, pass=@One1234, productName=ADIDAS ORIGINAL}]]>
              </value>
            </param>
          </params>
          <reporter-output>
          </reporter-output>
        </test-method> <!-- submitOrder -->
        <test-method is-config="true" signature="closeBrowser()[pri:0, instance:onlinesystems.Tests.SubmitOrderTest@73eb439a]" started-at="2025-08-03T15:05:06 SAST" name="closeBrowser" finished-at="2025-08-03T15:05:07 SAST" duration-ms="841" status="PASS">
          <reporter-output>
          </reporter-output>
        </test-method> <!-- closeBrowser -->
        <test-method is-config="true" signature="luanchApplication()[pri:0, instance:onlinesystems.Tests.SubmitOrderTest@73eb439a]" started-at="2025-08-03T15:05:07 SAST" name="luanchApplication" finished-at="2025-08-03T15:05:15 SAST" duration-ms="8854" status="PASS">
          <reporter-output>
          </reporter-output>
        </test-method> <!-- luanchApplication -->
        <test-method signature="orderHistoryTest()[pri:0, instance:onlinesystems.Tests.SubmitOrderTest@73eb439a]" started-at="2025-08-03T15:05:15 SAST" name="orderHistoryTest" finished-at="2025-08-03T15:05:17 SAST" depends-on-methods="onlinesystems.Tests.SubmitOrderTest.submitOrder" duration-ms="1952" status="PASS">
          <reporter-output>
          </reporter-output>
        </test-method> <!-- orderHistoryTest -->
        <test-method is-config="true" signature="closeBrowser()[pri:0, instance:onlinesystems.Tests.SubmitOrderTest@73eb439a]" started-at="2025-08-03T15:05:17 SAST" name="closeBrowser" finished-at="2025-08-03T15:05:18 SAST" duration-ms="1077" status="PASS">
          <reporter-output>
          </reporter-output>
        </test-method> <!-- closeBrowser -->
      </class> <!-- onlinesystems.Tests.SubmitOrderTest -->
    </test> <!-- Submit Order -->
  </suite> <!-- Suite -->
</testng-results>
