<?xml version="1.0" encoding="UTF-8"?>
<testsuite xmlns:xsi="http://www.w3.org/2001/XMLSchema-instance" xsi:noNamespaceSchemaLocation="https://maven.apache.org/surefire/maven-surefire-plugin/xsd/surefire-test-report.xsd" version="3.0.2" name="TestSuite" time="55.324" tests="6" errors="0" skipped="2" failures="1">
  <properties>
[...]
</properties>
  <testcase name="submitOrder[{usrEmail=jakop.musk@x.com, pass=@One1234, productName=IPHONE 13 PRO}](1)" classname="onlinesystems.Tests.SubmitOrderTest" time="11.457">
    <system-err><![CDATA[SLF4J(W): No SLF4J providers were found.
SLF4J(W): Defaulting to no-operation (NOP) logger implementation
SLF4J(W): See https://www.slf4j.org/codes.html#noProviders for further details.
]]></system-err>
  </testcase>
  <testcase name="submitOrder[{usrEmail=jakop.musk@x.com, pass=@One1234, productName=ADIDAS ORIGINAL}](2)" classname="onlinesystems.Tests.SubmitOrderTest" time="2.553">
    <failure message="element click intercepted: Element &lt;button _ngcontent-fwb-c34=&quot;&quot; class=&quot;btn w-10 rounded&quot; style=&quot;float: right;&quot;&gt;...&lt;/button&gt; is not clickable at point (925, 438). Other element would receive the click: &lt;div _ngcontent-fwb-c31=&quot;&quot; class=&quot;ngx-spinner-overlay ng-tns-c31-1 ng-trigger ng-trigger-fadeIn ng-star-inserted ng-animating&quot; style=&quot;background-color: rgba(51, 51, 51, 0.8); z-index: 99999; position: fixed;&quot;&gt;...&lt;/div&gt;&#10;  (Session info: chrome=138.0.7204.183)&#10;Build info: version: &apos;4.34.0&apos;, revision: &apos;707dcb4246*&apos;&#10;System info: os.name: &apos;Linux&apos;, os.arch: &apos;amd64&apos;, os.version: &apos;5.15.0-151-generic&apos;, java.version: &apos;21.0.8&apos;&#10;Driver info: org.openqa.selenium.chrome.ChromeDriver&#10;Command: [695d409323e66511830060e753695429, clickElement {id=f.C697EC6E424011086C6D1BBF518480A2.d.C9910393B806EA084EAD3420EA159936.e.70}]&#10;Capabilities {acceptInsecureCerts: false, browserName: chrome, browserVersion: 138.0.7204.183, chrome: {chromedriverVersion: 138.0.7204.183 (e90faf484dd..., userDataDir: /tmp/.org.chromium.Chromium...}, fedcm:accounts: true, goog:chromeOptions: {debuggerAddress: localhost:36485}, networkConnectionEnabled: false, pageLoadStrategy: normal, platformName: linux, proxy: Proxy(), se:cdp: ws://localhost:36485/devtoo..., se:cdpVersion: 138.0.7204.183, setWindowRect: true, strictFileInteractability: false, timeouts: {implicit: 0, pageLoad: 300000, script: 30000}, unhandledPromptBehavior: dismiss and notify, webauthn:extension:credBlob: true, webauthn:extension:largeBlob: true, webauthn:extension:minPinLength: true, webauthn:extension:prf: true, webauthn:virtualAuthenticators: true}&#10;Element: [[[[ChromeDriver: chrome on linux (695d409323e66511830060e753695429)] -&gt; css selector: .mb-3]] -&gt; css selector: .card-body button:last-of-type]&#10;Session ID: 695d409323e66511830060e753695429" type="org.openqa.selenium.ElementClickInterceptedException"><![CDATA[org.openqa.selenium.ElementClickInterceptedException: 
element click intercepted: Element <button _ngcontent-fwb-c34="" class="btn w-10 rounded" style="float: right;">...</button> is not clickable at point (925, 438). Other element would receive the click: <div _ngcontent-fwb-c31="" class="ngx-spinner-overlay ng-tns-c31-1 ng-trigger ng-trigger-fadeIn ng-star-inserted ng-animating" style="background-color: rgba(51, 51, 51, 0.8); z-index: 99999; position: fixed;">...</div>
  (Session info: chrome=138.0.7204.183)
Build info: version: '4.34.0', revision: '707dcb4246*'
System info: os.name: 'Linux', os.arch: 'amd64', os.version: '5.15.0-151-generic', java.version: '21.0.8'
Driver info: org.openqa.selenium.chrome.ChromeDriver
Command: [695d409323e66511830060e753695429, clickElement {id=f.C697EC6E424011086C6D1BBF518480A2.d.C9910393B806EA084EAD3420EA159936.e.70}]
Capabilities {acceptInsecureCerts: false, browserName: chrome, browserVersion: 138.0.7204.183, chrome: {chromedriverVersion: 138.0.7204.183 (e90faf484dd..., userDataDir: /tmp/.org.chromium.Chromium...}, fedcm:accounts: true, goog:chromeOptions: {debuggerAddress: localhost:36485}, networkConnectionEnabled: false, pageLoadStrategy: normal, platformName: linux, proxy: Proxy(), se:cdp: ws://localhost:36485/devtoo..., se:cdpVersion: 138.0.7204.183, setWindowRect: true, strictFileInteractability: false, timeouts: {implicit: 0, pageLoad: 300000, script: 30000}, unhandledPromptBehavior: dismiss and notify, webauthn:extension:credBlob: true, webauthn:extension:largeBlob: true, webauthn:extension:minPinLength: true, webauthn:extension:prf: true, webauthn:virtualAuthenticators: true}
Element: [[[[ChromeDriver: chrome on linux (695d409323e66511830060e753695429)] -> css selector: .mb-3]] -> css selector: .card-body button:last-of-type]
Session ID: 695d409323e66511830060e753695429
	at java.base/jdk.internal.reflect.DirectConstructorHandleAccessor.newInstance(DirectConstructorHandleAccessor.java:62)
	at java.base/java.lang.reflect.Constructor.newInstanceWithCaller(Constructor.java:502)
	at java.base/java.lang.reflect.Constructor.newInstance(Constructor.java:486)
	at org.openqa.selenium.remote.ErrorCodec.decode(ErrorCodec.java:167)
	at org.openqa.selenium.remote.codec.w3c.W3CHttpResponseCodec.decode(W3CHttpResponseCodec.java:138)
	at org.openqa.selenium.remote.codec.w3c.W3CHttpResponseCodec.decode(W3CHttpResponseCodec.java:50)
	at org.openqa.selenium.remote.HttpCommandExecutor.execute(HttpCommandExecutor.java:215)
	at org.openqa.selenium.remote.service.DriverCommandExecutor.invokeExecute(DriverCommandExecutor.java:216)
	at org.openqa.selenium.remote.service.DriverCommandExecutor.execute(DriverCommandExecutor.java:174)
	at org.openqa.selenium.remote.RemoteWebDriver.execute(RemoteWebDriver.java:544)
	at org.openqa.selenium.remote.RemoteWebElement.execute(RemoteWebElement.java:223)
	at org.openqa.selenium.remote.RemoteWebElement.click(RemoteWebElement.java:76)
	at onlinesystems.pageobjects.ProductCatalog.addProductToCart(ProductCatalog.java:57)
	at onlinesystems.Tests.SubmitOrderTest.submitOrder(SubmitOrderTest.java:46)
	at java.base/jdk.internal.reflect.DirectMethodHandleAccessor.invoke(DirectMethodHandleAccessor.java:103)
	at java.base/java.lang.reflect.Method.invoke(Method.java:580)
	at org.testng.internal.invokers.MethodInvocationHelper.invokeMethod(MethodInvocationHelper.java:141)
	at org.testng.internal.invokers.TestInvoker.invokeMethod(TestInvoker.java:687)
	at org.testng.internal.invokers.TestInvoker.invokeTestMethod(TestInvoker.java:230)
	at org.testng.internal.invokers.MethodRunner.runInSequence(MethodRunner.java:63)
	at org.testng.internal.invokers.TestInvoker$MethodInvocationAgent.invoke(TestInvoker.java:995)
	at org.testng.internal.invokers.TestInvoker.invokeTestMethods(TestInvoker.java:203)
	at org.testng.internal.invokers.TestMethodWorker.invokeTestMethods(TestMethodWorker.java:154)
	at org.testng.internal.invokers.TestMethodWorker.run(TestMethodWorker.java:134)
	at java.base/java.util.ArrayList.forEach(ArrayList.java:1596)
	at org.testng.TestRunner.privateRun(TestRunner.java:741)
	at org.testng.TestRunner.run(TestRunner.java:616)
	at org.testng.SuiteRunner.runTest(SuiteRunner.java:421)
	at org.testng.SuiteRunner$SuiteWorker.run(SuiteRunner.java:463)
	at org.testng.internal.thread.ThreadUtil.lambda$execute$0(ThreadUtil.java:64)
	at java.base/java.util.concurrent.FutureTask.run(FutureTask.java:317)
	at java.base/java.util.concurrent.ThreadPoolExecutor.runWorker(ThreadPoolExecutor.java:1144)
	at java.base/java.util.concurrent.ThreadPoolExecutor$Worker.run(ThreadPoolExecutor.java:642)
	at java.base/java.lang.Thread.run(Thread.java:1583)
]]></failure>
  </testcase>
  <testcase name="orderHistoryTest" classname="onlinesystems.Tests.SubmitOrderTest" time="0.0">
    <skipped message="Method onlinesystems.Tests.SubmitOrderTest.orderHistoryTest() on instance onlinesystems.Tests.SubmitOrderTest@73eb439a depends on not successfully finished methods &#10;[onlinesystems.Tests.SubmitOrderTest.submitOrder() on instance onlinesystems.Tests.SubmitOrderTest@73eb439a]"/>
  </testcase>
  <testcase name="LoginValidation" classname="onlinesystems.Tests.ErrorValidationsTest" time="0.0">
    <skipped message="Expected condition failed: waiting for visibility of Proxy element for: DefaultElementLocator &apos;By.cssSelector: .ng-star-inserted&apos; (tried for 5 second(s) with 500 milliseconds interval)"/>
  </testcase>
  <testcase name="LoginValidation" classname="onlinesystems.Tests.ErrorValidationsTest" time="1.146"/>
  <testcase name="submitOrder" classname="onlinesystems.Tests.ErrorValidationsTest" time="1.211"/>
</testsuite>