<?xml version="1.0" encoding="UTF-8"?>
<testng-results ignored="0" total="5" passed="5" failed="0" skipped="0">
  <reporter-output>
  </reporter-output>
  <suite started-at="2025-08-03T14:29:23 SAST" name="Suite" finished-at="2025-08-03T14:30:12 SAST" duration-ms="48850">
    <groups>
      <group name="ErrorHandling">
        <method signature="ErrorValidationsTest.LoginValidation()[pri:0, instance:onlinesystems.Tests.ErrorValidationsTest@1b919693]" name="LoginValidation" class="onlinesystems.Tests.ErrorValidationsTest"/>
      </group> <!-- ErrorHandling -->
      <group name="purchase">
        <method signature="SubmitOrderTest.submitOrder(java.util.HashMap)[pri:0, instance:onlinesystems.Tests.SubmitOrderTest@19932c16]" name="submitOrder" class="onlinesystems.Tests.SubmitOrderTest"/>
      </group> <!-- purchase -->
    </groups>
    <test started-at="2025-08-03T14:29:23 SAST" name="Error Validation Test" finished-at="2025-08-03T14:29:45 SAST" duration-ms="21430">
      <class name="onlinesystems.Tests.ErrorValidationsTest">
        <test-method is-config="true" signature="luanchApplication()[pri:0, instance:onlinesystems.Tests.ErrorValidationsTest@1b919693]" started-at="2025-08-03T14:29:23 SAST" name="luanchApplication" finished-at="2025-08-03T14:29:32 SAST" duration-ms="8792" status="PASS">
          <reporter-output>
          </reporter-output>
        </test-method> <!-- luanchApplication -->
        <test-method signature="LoginValidation()[pri:0, instance:onlinesystems.Tests.ErrorValidationsTest@1b919693]" started-at="2025-08-03T14:29:32 SAST" name="LoginValidation" finished-at="2025-08-03T14:29:34 SAST" duration-ms="1505" status="PASS">
          <reporter-output>
          </reporter-output>
        </test-method> <!-- LoginValidation -->
        <test-method is-config="true" signature="closeBrowser()[pri:0, instance:onlinesystems.Tests.ErrorValidationsTest@1b919693]" started-at="2025-08-03T14:29:34 SAST" name="closeBrowser" finished-at="2025-08-03T14:29:35 SAST" duration-ms="1605" status="PASS">
          <reporter-output>
          </reporter-output>
        </test-method> <!-- closeBrowser -->
        <test-method is-config="true" signature="luanchApplication()[pri:0, instance:onlinesystems.Tests.ErrorValidationsTest@1b919693]" started-at="2025-08-03T14:29:35 SAST" name="luanchApplication" finished-at="2025-08-03T14:29:42 SAST" duration-ms="6995" status="PASS">
          <reporter-output>
          </reporter-output>
        </test-method> <!-- luanchApplication -->
        <test-method signature="submitOrder()[pri:0, instance:onlinesystems.Tests.ErrorValidationsTest@1b919693]" started-at="2025-08-03T14:29:42 SAST" name="submitOrder" finished-at="2025-08-03T14:29:44 SAST" duration-ms="1390" status="PASS">
          <reporter-output>
          </reporter-output>
        </test-method> <!-- submitOrder -->
        <test-method is-config="true" signature="closeBrowser()[pri:0, instance:onlinesystems.Tests.ErrorValidationsTest@1b919693]" started-at="2025-08-03T14:29:44 SAST" name="closeBrowser" finished-at="2025-08-03T14:29:45 SAST" duration-ms="1068" status="PASS">
          <reporter-output>
          </reporter-output>
        </test-method> <!-- closeBrowser -->
      </class> <!-- onlinesystems.Tests.ErrorValidationsTest -->
    </test> <!-- Error Validation Test -->
    <test started-at="2025-08-03T14:29:23 SAST" name="Submit Order" finished-at="2025-08-03T14:30:12 SAST" duration-ms="48850">
      <class name="onlinesystems.Tests.SubmitOrderTest">
        <test-method is-config="true" signature="luanchApplication()[pri:0, instance:onlinesystems.Tests.SubmitOrderTest@19932c16]" started-at="2025-08-03T14:29:24 SAST" name="luanchApplication" finished-at="2025-08-03T14:29:32 SAST" duration-ms="8388" status="PASS">
          <reporter-output>
          </reporter-output>
        </test-method> <!-- luanchApplication -->
        <test-method signature="submitOrder(java.util.HashMap)[pri:0, instance:onlinesystems.Tests.SubmitOrderTest@19932c16]" started-at="2025-08-03T14:29:32 SAST" name="submitOrder" data-provider="getData" finished-at="2025-08-03T14:29:38 SAST" duration-ms="6074" status="PASS">
          <params>
            <param index="0">
              <value>
                <![CDATA[{usrEmail=jakop.musk@x.com, pass=@One1234, productName=IPHONE 13 PRO}]]>
              </value>
            </param>
          </params>
          <reporter-output>
          </reporter-output>
        </test-method> <!-- submitOrder -->
        <test-method is-config="true" signature="closeBrowser()[pri:0, instance:onlinesystems.Tests.SubmitOrderTest@19932c16]" started-at="2025-08-03T14:29:38 SAST" name="closeBrowser" finished-at="2025-08-03T14:29:39 SAST" duration-ms="808" status="PASS">
          <reporter-output>
          </reporter-output>
        </test-method> <!-- closeBrowser -->
        <test-method is-config="true" signature="luanchApplication()[pri:0, instance:onlinesystems.Tests.SubmitOrderTest@19932c16]" started-at="2025-08-03T14:29:39 SAST" name="luanchApplication" finished-at="2025-08-03T14:29:45 SAST" duration-ms="6499" status="PASS">
          <reporter-output>
          </reporter-output>
        </test-method> <!-- luanchApplication -->
        <test-method signature="submitOrder(java.util.HashMap)[pri:0, instance:onlinesystems.Tests.SubmitOrderTest@19932c16]" started-at="2025-08-03T14:29:45 SAST" name="submitOrder" data-provider="getData" finished-at="2025-08-03T14:29:58 SAST" duration-ms="13109" status="PASS">
          <params>
            <param index="0">
              <value>
                <![CDATA[{usrEmail=jakop.musk@x.com, pass=@One1234, productName=ADIDAS ORIGINAL}]]>
              </value>
            </param>
          </params>
          <reporter-output>
          </reporter-output>
        </test-method> <!-- submitOrder -->
        <test-method is-config="true" signature="closeBrowser()[pri:0, instance:onlinesystems.Tests.SubmitOrderTest@19932c16]" started-at="2025-08-03T14:29:58 SAST" name="closeBrowser" finished-at="2025-08-03T14:29:59 SAST" duration-ms="690" status="PASS">
          <reporter-output>
          </reporter-output>
        </test-method> <!-- closeBrowser -->
        <test-method is-config="true" signature="luanchApplication()[pri:0, instance:onlinesystems.Tests.SubmitOrderTest@19932c16]" started-at="2025-08-03T14:29:59 SAST" name="luanchApplication" finished-at="2025-08-03T14:30:10 SAST" duration-ms="10728" status="PASS">
          <reporter-output>
          </reporter-output>
        </test-method> <!-- luanchApplication -->
        <test-method signature="orderHistoryTest()[pri:0, instance:onlinesystems.Tests.SubmitOrderTest@19932c16]" started-at="2025-08-03T14:30:10 SAST" name="orderHistoryTest" finished-at="2025-08-03T14:30:11 SAST" depends-on-methods="onlinesystems.Tests.SubmitOrderTest.submitOrder" duration-ms="1474" status="PASS">
          <reporter-output>
          </reporter-output>
        </test-method> <!-- orderHistoryTest -->
        <test-method is-config="true" signature="closeBrowser()[pri:0, instance:onlinesystems.Tests.SubmitOrderTest@19932c16]" started-at="2025-08-03T14:30:11 SAST" name="closeBrowser" finished-at="2025-08-03T14:30:12 SAST" duration-ms="682" status="PASS">
          <reporter-output>
          </reporter-output>
        </test-method> <!-- closeBrowser -->
      </class> <!-- onlinesystems.Tests.SubmitOrderTest -->
    </test> <!-- Submit Order -->
  </suite> <!-- Suite -->
</testng-results>
