<?xml version="1.0" encoding="UTF-8"?>
<testng-results ignored="0" total="5" passed="5" failed="0" skipped="0">
  <reporter-output>
  </reporter-output>
  <suite started-at="2025-08-03T13:04:24 SAST" name="Suite" finished-at="2025-08-03T13:05:18 SAST" duration-ms="54044">
    <groups>
      <group name="ErrorHandling">
        <method signature="ErrorValidationsTest.LoginValidation()[pri:0, instance:onlinesystems.Tests.ErrorValidationsTest@7fb4f2a9]" name="LoginValidation" class="onlinesystems.Tests.ErrorValidationsTest"/>
      </group> <!-- ErrorHandling -->
      <group name="purchase">
        <method signature="SubmitOrderTest.submitOrder(java.util.HashMap)[pri:0, instance:onlinesystems.Tests.SubmitOrderTest@73eb439a]" name="submitOrder" class="onlinesystems.Tests.SubmitOrderTest"/>
      </group> <!-- purchase -->
    </groups>
    <test started-at="2025-08-03T13:04:24 SAST" name="Error Validation Test" finished-at="2025-08-03T13:04:47 SAST" duration-ms="23149">
      <class name="onlinesystems.Tests.ErrorValidationsTest">
        <test-method is-config="true" signature="luanchApplication()[pri:0, instance:onlinesystems.Tests.ErrorValidationsTest@7fb4f2a9]" started-at="2025-08-03T13:04:24 SAST" name="luanchApplication" finished-at="2025-08-03T13:04:37 SAST" duration-ms="12819" status="PASS">
          <reporter-output>
          </reporter-output>
        </test-method> <!-- luanchApplication -->
        <test-method signature="LoginValidation()[pri:0, instance:onlinesystems.Tests.ErrorValidationsTest@7fb4f2a9]" started-at="2025-08-03T13:04:37 SAST" name="LoginValidation" finished-at="2025-08-03T13:04:38 SAST" duration-ms="1232" status="PASS">
          <reporter-output>
          </reporter-output>
        </test-method> <!-- LoginValidation -->
        <test-method is-config="true" signature="closeBrowser()[pri:0, instance:onlinesystems.Tests.ErrorValidationsTest@7fb4f2a9]" started-at="2025-08-03T13:04:38 SAST" name="closeBrowser" finished-at="2025-08-03T13:04:38 SAST" duration-ms="182" status="PASS">
          <reporter-output>
          </reporter-output>
        </test-method> <!-- closeBrowser -->
        <test-method is-config="true" signature="luanchApplication()[pri:0, instance:onlinesystems.Tests.ErrorValidationsTest@7fb4f2a9]" started-at="2025-08-03T13:04:38 SAST" name="luanchApplication" finished-at="2025-08-03T13:04:46 SAST" duration-ms="7572" status="PASS">
          <reporter-output>
          </reporter-output>
        </test-method> <!-- luanchApplication -->
        <test-method signature="submitOrder()[pri:0, instance:onlinesystems.Tests.ErrorValidationsTest@7fb4f2a9]" started-at="2025-08-03T13:04:46 SAST" name="submitOrder" finished-at="2025-08-03T13:04:47 SAST" duration-ms="1103" status="PASS">
          <reporter-output>
          </reporter-output>
        </test-method> <!-- submitOrder -->
        <test-method is-config="true" signature="closeBrowser()[pri:0, instance:onlinesystems.Tests.ErrorValidationsTest@7fb4f2a9]" started-at="2025-08-03T13:04:47 SAST" name="closeBrowser" finished-at="2025-08-03T13:04:47 SAST" duration-ms="141" status="PASS">
          <reporter-output>
          </reporter-output>
        </test-method> <!-- closeBrowser -->
      </class> <!-- onlinesystems.Tests.ErrorValidationsTest -->
    </test> <!-- Error Validation Test -->
    <test started-at="2025-08-03T13:04:24 SAST" name="Submit Order" finished-at="2025-08-03T13:05:18 SAST" duration-ms="54044">
      <class name="onlinesystems.Tests.SubmitOrderTest">
        <test-method is-config="true" signature="luanchApplication()[pri:0, instance:onlinesystems.Tests.SubmitOrderTest@73eb439a]" started-at="2025-08-03T13:04:25 SAST" name="luanchApplication" finished-at="2025-08-03T13:04:36 SAST" duration-ms="11435" status="PASS">
          <reporter-output>
          </reporter-output>
        </test-method> <!-- luanchApplication -->
        <test-method signature="submitOrder(java.util.HashMap)[pri:0, instance:onlinesystems.Tests.SubmitOrderTest@73eb439a]" started-at="2025-08-03T13:04:36 SAST" name="submitOrder" data-provider="getData" finished-at="2025-08-03T13:04:49 SAST" duration-ms="12360" status="PASS">
          <params>
            <param index="0">
              <value>
                <![CDATA[{usrEmail=jakop.musk@x.com, pass=@One1234, productName=IPHONE 13 PRO}]]>
              </value>
            </param>
          </params>
          <reporter-output>
          </reporter-output>
        </test-method> <!-- submitOrder -->
        <test-method is-config="true" signature="closeBrowser()[pri:0, instance:onlinesystems.Tests.SubmitOrderTest@73eb439a]" started-at="2025-08-03T13:04:49 SAST" name="closeBrowser" finished-at="2025-08-03T13:04:49 SAST" duration-ms="102" status="PASS">
          <reporter-output>
          </reporter-output>
        </test-method> <!-- closeBrowser -->
        <test-method is-config="true" signature="luanchApplication()[pri:0, instance:onlinesystems.Tests.SubmitOrderTest@73eb439a]" started-at="2025-08-03T13:04:49 SAST" name="luanchApplication" finished-at="2025-08-03T13:04:57 SAST" duration-ms="8234" status="PASS">
          <reporter-output>
          </reporter-output>
        </test-method> <!-- luanchApplication -->
        <test-method signature="submitOrder(java.util.HashMap)[pri:0, instance:onlinesystems.Tests.SubmitOrderTest@73eb439a]" started-at="2025-08-03T13:04:57 SAST" name="submitOrder" data-provider="getData" finished-at="2025-08-03T13:05:09 SAST" duration-ms="11781" status="PASS">
          <params>
            <param index="0">
              <value>
                <![CDATA[{usrEmail=jakop.musk@x.com, pass=@One1234, productName=ADIDAS ORIGINAL}]]>
              </value>
            </param>
          </params>
          <reporter-output>
          </reporter-output>
        </test-method> <!-- submitOrder -->
        <test-method is-config="true" signature="closeBrowser()[pri:0, instance:onlinesystems.Tests.SubmitOrderTest@73eb439a]" started-at="2025-08-03T13:05:09 SAST" name="closeBrowser" finished-at="2025-08-03T13:05:09 SAST" duration-ms="124" status="PASS">
          <reporter-output>
          </reporter-output>
        </test-method> <!-- closeBrowser -->
        <test-method is-config="true" signature="luanchApplication()[pri:0, instance:onlinesystems.Tests.SubmitOrderTest@73eb439a]" started-at="2025-08-03T13:05:09 SAST" name="luanchApplication" finished-at="2025-08-03T13:05:16 SAST" duration-ms="7413" status="PASS">
          <reporter-output>
          </reporter-output>
        </test-method> <!-- luanchApplication -->
        <test-method signature="orderHistoryTest()[pri:0, instance:onlinesystems.Tests.SubmitOrderTest@73eb439a]" started-at="2025-08-03T13:05:16 SAST" name="orderHistoryTest" finished-at="2025-08-03T13:05:18 SAST" depends-on-methods="onlinesystems.Tests.SubmitOrderTest.submitOrder" duration-ms="1813" status="PASS">
          <reporter-output>
          </reporter-output>
        </test-method> <!-- orderHistoryTest -->
        <test-method is-config="true" signature="closeBrowser()[pri:0, instance:onlinesystems.Tests.SubmitOrderTest@73eb439a]" started-at="2025-08-03T13:05:18 SAST" name="closeBrowser" finished-at="2025-08-03T13:05:18 SAST" duration-ms="153" status="PASS">
          <reporter-output>
          </reporter-output>
        </test-method> <!-- closeBrowser -->
      </class> <!-- onlinesystems.Tests.SubmitOrderTest -->
    </test> <!-- Submit Order -->
  </suite> <!-- Suite -->
</testng-results>
