<?xml version="1.0" encoding="UTF-8"?>
<testsuite xmlns:xsi="http://www.w3.org/2001/XMLSchema-instance" xsi:noNamespaceSchemaLocation="https://maven.apache.org/surefire/maven-surefire-plugin/xsd/surefire-test-report.xsd" version="3.0.2" name="TestSuite" time="46.701" tests="5" errors="0" skipped="0" failures="0">
  <properties>
[...]
</properties>
  <testcase name="LoginValidation" classname="onlinesystems.Tests.ErrorValidationsTest" time="0.42">
    <system-err><![CDATA[SLF4J(W): No SLF4J providers were found.
SLF4J(W): Defaulting to no-operation (NOP) logger implementation
SLF4J(W): See https://www.slf4j.org/codes.html#noProviders for further details.
]]></system-err>
  </testcase>
  <testcase name="submitOrder" classname="onlinesystems.Tests.ErrorValidationsTest" time="0.895"/>
  <testcase name="submitOrder[{usrEmail=jakop.musk@x.com, pass=@One1234, productName=IPHONE 13 PRO}](1)" classname="onlinesystems.Tests.SubmitOrderTest" time="6.274"/>
  <testcase name="submitOrder[{usrEmail=jakop.musk@x.com, pass=@One1234, productName=ADIDAS ORIGINAL}](2)" classname="onlinesystems.Tests.SubmitOrderTest" time="11.535"/>
  <testcase name="orderHistoryTest" classname="onlinesystems.Tests.SubmitOrderTest" time="1.473"/>
</testsuite>